<?xml version="1.0" encoding="UTF-8"?>
<testsuite name="com.cs407.cubemaster.solver.MoveApplicationTest" tests="8" skipped="0" failures="1" errors="0" timestamp="2025-12-09T00:17:11.041Z" hostname="MacBook-Pro-5.local" time="0.019">
  <properties/>
  <testcase name="testMoveB" classname="com.cs407.cubemaster.solver.MoveApplicationTest" time="0.013"/>
  <testcase name="testMoveD" classname="com.cs407.cubemaster.solver.MoveApplicationTest" time="0.0"/>
  <testcase name="testMoveF" classname="com.cs407.cubemaster.solver.MoveApplicationTest" time="0.0"/>
  <testcase name="testMoveL" classname="com.cs407.cubemaster.solver.MoveApplicationTest" time="0.0"/>
  <testcase name="testMoveR" classname="com.cs407.cubemaster.solver.MoveApplicationTest" time="0.0"/>
  <testcase name="testMoveU" classname="com.cs407.cubemaster.solver.MoveApplicationTest" time="0.0"/>
  <testcase name="testVerifySimpleSolution" classname="com.cs407.cubemaster.solver.MoveApplicationTest" time="0.003">
    <failure message="java.lang.AssertionError" type="java.lang.AssertionError">java.lang.AssertionError
	at org.junit.Assert.fail(Assert.java:87)
	at org.junit.Assert.assertTrue(Assert.java:42)
	at org.junit.Assert.assertTrue(Assert.java:53)
	at com.cs407.cubemaster.solver.MoveApplicationTest.testVerifySimpleSolution(MoveApplicationTest.kt:118)
	at java.base/jdk.internal.reflect.DirectMethodHandleAccessor.invoke(DirectMethodHandleAccessor.java:103)
	at java.base/java.lang.reflect.Method.invoke(Method.java:580)
	at org.junit.runners.model.FrameworkMethod$1.runReflectiveCall(FrameworkMethod.java:59)
	at org.junit.internal.runners.model.ReflectiveCallable.run(ReflectiveCallable.java:12)
	at org.junit.runners.model.FrameworkMethod.invokeExplosively(FrameworkMethod.java:56)
	at org.junit.internal.runners.statements.InvokeMethod.evaluate(InvokeMethod.java:17)
	at org.junit.runners.ParentRunner$3.evaluate(ParentRunner.java:306)
	at org.junit.runners.BlockJUnit4ClassRunner$1.evaluate(BlockJUnit4ClassRunner.java:100)
	at org.junit.runners.ParentRunner.runLeaf(ParentRunner.java:366)
	at org.junit.runners.BlockJUnit4ClassRunner.runChild(BlockJUnit4ClassRunner.java:103)
	at org.junit.runners.BlockJUnit4ClassRunner.runChild(BlockJUnit4ClassRunner.java:63)
	at org.junit.runners.ParentRunner$4.run(ParentRunner.java:331)
	at org.junit.runners.ParentRunner$1.schedule(ParentRunner.java:79)
	at org.junit.runners.ParentRunner.runChildren(ParentRunner.java:329)
	at org.junit.runners.ParentRunner.access$100(ParentRunner.java:66)
	at org.junit.runners.ParentRunner$2.evaluate(ParentRunner.java:293)
	at org.junit.runners.ParentRunner$3.evaluate(ParentRunner.java:306)
	at org.junit.runners.ParentRunner.run(ParentRunner.java:413)
	at org.gradle.api.internal.tasks.testing.junit.JUnitTestClassExecutor.runTestClass(JUnitTestClassExecutor.java:112)
	at org.gradle.api.internal.tasks.testing.junit.JUnitTestClassExecutor.execute(JUnitTestClassExecutor.java:58)
	at org.gradle.api.internal.tasks.testing.junit.JUnitTestClassExecutor.execute(JUnitTestClassExecutor.java:40)
	at org.gradle.api.internal.tasks.testing.junit.AbstractJUnitTestClassProcessor.processTestClass(AbstractJUnitTestClassProcessor.java:54)
	at org.gradle.api.internal.tasks.testing.SuiteTestClassProcessor.processTestClass(SuiteTestClassProcessor.java:53)
	at java.base/jdk.internal.reflect.DirectMethodHandleAccessor.invoke(DirectMethodHandleAccessor.java:103)
	at java.base/java.lang.reflect.Method.invoke(Method.java:580)
	at org.gradle.internal.dispatch.ReflectionDispatch.dispatch(ReflectionDispatch.java:36)
	at org.gradle.internal.dispatch.ReflectionDispatch.dispatch(ReflectionDispatch.java:24)
	at org.gradle.internal.dispatch.ContextClassLoaderDispatch.dispatch(ContextClassLoaderDispatch.java:33)
	at org.gradle.internal.dispatch.ProxyDispatchAdapter$DispatchingInvocationHandler.invoke(ProxyDispatchAdapter.java:92)
	at jdk.proxy1/jdk.proxy1.$Proxy4.processTestClass(Unknown Source)
	at org.gradle.api.internal.tasks.testing.worker.TestWorker$2.run(TestWorker.java:183)
	at org.gradle.api.internal.tasks.testing.worker.TestWorker.executeAndMaintainThreadName(TestWorker.java:132)
	at org.gradle.api.internal.tasks.testing.worker.TestWorker.execute(TestWorker.java:103)
	at org.gradle.api.internal.tasks.testing.worker.TestWorker.execute(TestWorker.java:63)
	at org.gradle.process.internal.worker.child.ActionExecutionWorker.execute(ActionExecutionWorker.java:56)
	at org.gradle.process.internal.worker.child.SystemApplicationClassLoaderWorker.call(SystemApplicationClassLoaderWorker.java:121)
	at org.gradle.process.internal.worker.child.SystemApplicationClassLoaderWorker.call(SystemApplicationClassLoaderWorker.java:71)
	at worker.org.gradle.process.internal.worker.GradleWorkerMain.run(GradleWorkerMain.java:69)
	at worker.org.gradle.process.internal.worker.GradleWorkerMain.main(GradleWorkerMain.java:74)
</failure>
  </testcase>
  <testcase name="testTraceRURU" classname="com.cs407.cubemaster.solver.MoveApplicationTest" time="0.002"/>
  <system-out><![CDATA[Cube not solved!
s1 (F): [[5, 6, 6], [1, 1, 6], [1, 1, 2]]
s2 (U): [[6, 2, 1], [2, 2, 3], [1, 2, 3]]
s3 (D): [[3, 3, 1], [3, 3, 2], [3, 3, 2]]
s4 (L): [[2, 1, 3], [5, 4, 4], [4, 4, 4]]
s5 (R): [[5, 5, 2], [5, 5, 4], [5, 4, 6]]
s6 (B): [[4, 5, 4], [6, 6, 1], [5, 6, 6]]
After R:
UR pos: 1, 5
Final State:
s1 (F): [[1, 1, 3], [1, 1, 2], [1, 1, 1]]
s2 (U): [[2, 2, 4], [2, 2, 1], [2, 2, 1]]
s3 (D): [[3, 3, 5], [3, 3, 3], [3, 3, 3]]
s4 (L): [[6, 4, 4], [4, 4, 4], [4, 4, 4]]
s5 (R): [[5, 5, 2], [6, 5, 5], [2, 5, 5]]
s6 (B): [[6, 5, 5], [6, 6, 6], [6, 6, 6]]
]]></system-out>
  <system-err><![CDATA[]]></system-err>
</testsuite>
