<?xml version="1.0" encoding="UTF-8"?>
<testsuite name="com.cs407.cubemaster.solver.ScrambledCubeSolverTest" tests="3" skipped="0" failures="3" errors="0" timestamp="2025-12-09T00:03:11.755Z" hostname="MacBook-Pro-5.local" time="42.329">
  <properties/>
  <testcase name="testMediumScramble" classname="com.cs407.cubemaster.solver.ScrambledCubeSolverTest" time="12.314">
    <failure message="java.lang.AssertionError: Solution should not be null" type="java.lang.AssertionError">java.lang.AssertionError: Solution should not be null
	at org.junit.Assert.fail(Assert.java:89)
	at org.junit.Assert.assertTrue(Assert.java:42)
	at org.junit.Assert.assertNotNull(Assert.java:713)
	at com.cs407.cubemaster.solver.ScrambledCubeSolverTest$testMediumScramble$1.invokeSuspend(ScrambledCubeSolverTest.kt:68)
	at kotlin.coroutines.jvm.internal.BaseContinuationImpl.resumeWith(ContinuationImpl.kt:33)
	at kotlinx.coroutines.DispatchedTask.run(DispatchedTask.kt:101)
	at kotlinx.coroutines.EventLoopImplBase.processNextEvent(EventLoop.common.kt:263)
	at kotlinx.coroutines.BlockingCoroutine.joinBlocking(Builders.kt:95)
	at kotlinx.coroutines.BuildersKt__BuildersKt.runBlocking(Builders.kt:69)
	at kotlinx.coroutines.BuildersKt.runBlocking(Unknown Source)
	at kotlinx.coroutines.BuildersKt__BuildersKt.runBlocking$default(Builders.kt:47)
	at kotlinx.coroutines.BuildersKt.runBlocking$default(Unknown Source)
	at com.cs407.cubemaster.solver.ScrambledCubeSolverTest.testMediumScramble(ScrambledCubeSolverTest.kt:51)
	at java.base/jdk.internal.reflect.DirectMethodHandleAccessor.invoke(DirectMethodHandleAccessor.java:103)
	at java.base/java.lang.reflect.Method.invoke(Method.java:580)
	at org.junit.runners.model.FrameworkMethod$1.runReflectiveCall(FrameworkMethod.java:59)
	at org.junit.internal.runners.model.ReflectiveCallable.run(ReflectiveCallable.java:12)
	at org.junit.runners.model.FrameworkMethod.invokeExplosively(FrameworkMethod.java:56)
	at org.junit.internal.runners.statements.InvokeMethod.evaluate(InvokeMethod.java:17)
	at org.junit.internal.runners.statements.FailOnTimeout$CallableStatement.call(FailOnTimeout.java:299)
	at org.junit.internal.runners.statements.FailOnTimeout$CallableStatement.call(FailOnTimeout.java:293)
	at java.base/java.util.concurrent.FutureTask.run(FutureTask.java:317)
	at java.base/java.lang.Thread.run(Thread.java:1583)
</failure>
  </testcase>
  <testcase name="testSimpleScramble" classname="com.cs407.cubemaster.solver.ScrambledCubeSolverTest" time="30.002">
    <failure message="org.junit.runners.model.TestTimedOutException: test timed out after 30000 milliseconds" type="org.junit.runners.model.TestTimedOutException">org.junit.runners.model.TestTimedOutException: test timed out after 30000 milliseconds
	at java.base/jdk.internal.misc.Unsafe.park(Native Method)
	at java.base/java.util.concurrent.locks.LockSupport.parkNanos(LockSupport.java:269)
	at kotlinx.coroutines.BlockingCoroutine.joinBlocking(Builders.kt:98)
	at kotlinx.coroutines.BuildersKt__BuildersKt.runBlocking(Builders.kt:69)
	at kotlinx.coroutines.BuildersKt.runBlocking(Unknown Source)
	at kotlinx.coroutines.BuildersKt__BuildersKt.runBlocking$default(Builders.kt:47)
	at kotlinx.coroutines.BuildersKt.runBlocking$default(Unknown Source)
	at com.cs407.cubemaster.solver.ScrambledCubeSolverTest.testSimpleScramble(ScrambledCubeSolverTest.kt:11)
	at java.base/jdk.internal.reflect.DirectMethodHandleAccessor.invoke(DirectMethodHandleAccessor.java:103)
	at java.base/java.lang.reflect.Method.invoke(Method.java:580)
	at org.junit.runners.model.FrameworkMethod$1.runReflectiveCall(FrameworkMethod.java:59)
	at org.junit.internal.runners.model.ReflectiveCallable.run(ReflectiveCallable.java:12)
	at org.junit.runners.model.FrameworkMethod.invokeExplosively(FrameworkMethod.java:56)
	at org.junit.internal.runners.statements.InvokeMethod.evaluate(InvokeMethod.java:17)
	at org.junit.internal.runners.statements.FailOnTimeout$CallableStatement.call(FailOnTimeout.java:299)
	at org.junit.internal.runners.statements.FailOnTimeout$CallableStatement.call(FailOnTimeout.java:293)
	at java.base/java.util.concurrent.FutureTask.run(FutureTask.java:317)
	at java.base/java.lang.Thread.run(Thread.java:1583)
</failure>
  </testcase>
  <testcase name="testHardScramble" classname="com.cs407.cubemaster.solver.ScrambledCubeSolverTest" time="0.012">
    <failure message="java.lang.IllegalStateException: Invalid cube state: CO sum=1, EO sum=6, CP=[0, 0, 6, 0, 0, 0, 0, 0], EP=[1, 11, 3, 2, 7, 0, 9, 10, 8, 6, 6, 5]" type="java.lang.IllegalStateException">java.lang.IllegalStateException: Invalid cube state: CO sum=1, EO sum=6, CP=[0, 0, 6, 0, 0, 0, 0, 0], EP=[1, 11, 3, 2, 7, 0, 9, 10, 8, 6, 6, 5]
	at com.cs407.cubemaster.solver.CubeConverter.fromCube(CubeConverter.kt:69)
	at com.cs407.cubemaster.solver.KociembaSolver$solve$2.invokeSuspend(KociembaSolver.kt:65)
	at _COROUTINE._BOUNDARY._(CoroutineDebugging.kt:42)
	at com.cs407.cubemaster.solver.ScrambledCubeSolverTest$testHardScramble$1.invokeSuspend(ScrambledCubeSolverTest.kt:92)
Caused by: java.lang.IllegalStateException: Invalid cube state: CO sum=1, EO sum=6, CP=[0, 0, 6, 0, 0, 0, 0, 0], EP=[1, 11, 3, 2, 7, 0, 9, 10, 8, 6, 6, 5]
	at com.cs407.cubemaster.solver.CubeConverter.fromCube(CubeConverter.kt:69)
	at com.cs407.cubemaster.solver.KociembaSolver$solve$2.invokeSuspend(KociembaSolver.kt:65)
	at kotlin.coroutines.jvm.internal.BaseContinuationImpl.resumeWith(ContinuationImpl.kt:33)
	at kotlinx.coroutines.DispatchedTask.run(DispatchedTask.kt:101)
	at kotlinx.coroutines.scheduling.CoroutineScheduler.runSafely(CoroutineScheduler.kt:589)
	at kotlinx.coroutines.scheduling.CoroutineScheduler$Worker.executeTask(CoroutineScheduler.kt:832)
	at kotlinx.coroutines.scheduling.CoroutineScheduler$Worker.runWorker(CoroutineScheduler.kt:720)
	at kotlinx.coroutines.scheduling.CoroutineScheduler$Worker.run(CoroutineScheduler.kt:707)
</failure>
  </testcase>
  <system-out><![CDATA[Starting testMediumScramble...
DEBUG: KociembaSolver: Initializing move tables...
DEBUG: KociembaSolver: Initializing pruning tables...
DEBUG: KociembaSolver: Solver initialized successfully
DEBUG: KociembaSolver: Starting Phase 1 search...
ERROR: KociembaSolver: Phase 1 search failed
Starting testSimpleScramble...
Initializing solver...
DEBUG: KociembaSolver: Initializing move tables...
DEBUG: KociembaSolver: Initializing pruning tables...
DEBUG: KociembaSolver: Solver initialized successfully
Solver initialized.
Cube Validity: true
Scrambled State Details:
Corner Perm: [4, 1, 3, 2, 0, 5, 6, 7]
Corner Ori: [2, 0, 0, 2, 2, 0, 0, 0]
Edge Perm: [8, 1, 2, 0, 4, 5, 6, 7, 3, 9, 10, 11]
Edge Ori: [0, 0, 0, 0, 0, 0, 0, 0, 0, 0, 0, 0]
Solving...
DEBUG: KociembaSolver: Starting Phase 1 search...
Starting testHardScramble...
DEBUG: KociembaSolver: Initializing move tables...
DEBUG: KociembaSolver: Initializing pruning tables...
DEBUG: KociembaSolver: Solver initialized successfully
]]></system-out>
  <system-err><![CDATA[Invalid cube state: CO sum=1, EO sum=6, CP=[0, 0, 6, 0, 0, 0, 0, 0], EP=[1, 11, 3, 2, 7, 0, 9, 10, 8, 6, 6, 5]
Invalid cube state: CO sum=1, EO sum=6, CP=[0, 0, 6, 0, 0, 0, 0, 0], EP=[1, 11, 3, 2, 7, 0, 9, 10, 8, 6, 6, 5]
]]></system-err>
</testsuite>
