<?xml version="1.0" encoding="UTF-8"?>
<testsuite name="com.cs407.cubemaster.solver.DebugSimpleScrambleTest" tests="1" skipped="0" failures="1" errors="0" timestamp="2025-12-08T23:19:11.088Z" hostname="MacBook-Pro-5.local" time="0.029">
  <properties/>
  <testcase name="debugSimpleScramble" classname="com.cs407.cubemaster.solver.DebugSimpleScrambleTest" time="0.029">
    <failure message="java.lang.RuntimeException: Validation failed!&#10;Error code: DUPLICATE_CORNER&#10;Error message: Found duplicate corner pieces" type="java.lang.RuntimeException">java.lang.RuntimeException: Validation failed!
Error code: DUPLICATE_CORNER
Error message: Found duplicate corner pieces
	at com.cs407.cubemaster.solver.DebugSimpleScrambleTest.debugSimpleScramble(DebugSimpleScrambleTest.kt:34)
	at java.base/jdk.internal.reflect.DirectMethodHandleAccessor.invoke(DirectMethodHandleAccessor.java:103)
	at java.base/java.lang.reflect.Method.invoke(Method.java:580)
	at org.junit.runners.model.FrameworkMethod$1.runReflectiveCall(FrameworkMethod.java:59)
	at org.junit.internal.runners.model.ReflectiveCallable.run(ReflectiveCallable.java:12)
	at org.junit.runners.model.FrameworkMethod.invokeExplosively(FrameworkMethod.java:56)
	at org.junit.internal.runners.statements.InvokeMethod.evaluate(InvokeMethod.java:17)
	at org.junit.runners.ParentRunner$3.evaluate(ParentRunner.java:306)
	at org.junit.runners.BlockJUnit4ClassRunner$1.evaluate(BlockJUnit4ClassRunner.java:100)
	at org.junit.runners.ParentRunner.runLeaf(ParentRunner.java:366)
	at org.junit.runners.BlockJUnit4ClassRunner.runChild(BlockJUnit4ClassRunner.java:103)
	at org.junit.runners.BlockJUnit4ClassRunner.runChild(BlockJUnit4ClassRunner.java:63)
	at org.junit.runners.ParentRunner$4.run(ParentRunner.java:331)
	at org.junit.runners.ParentRunner$1.schedule(ParentRunner.java:79)
	at org.junit.runners.ParentRunner.runChildren(ParentRunner.java:329)
	at org.junit.runners.ParentRunner.access$100(ParentRunner.java:66)
	at org.junit.runners.ParentRunner$2.evaluate(ParentRunner.java:293)
	at org.junit.runners.ParentRunner$3.evaluate(ParentRunner.java:306)
	at org.junit.runners.ParentRunner.run(ParentRunner.java:413)
	at org.gradle.api.internal.tasks.testing.junit.JUnitTestClassExecutor.runTestClass(JUnitTestClassExecutor.java:112)
	at org.gradle.api.internal.tasks.testing.junit.JUnitTestClassExecutor.execute(JUnitTestClassExecutor.java:58)
	at org.gradle.api.internal.tasks.testing.junit.JUnitTestClassExecutor.execute(JUnitTestClassExecutor.java:40)
	at org.gradle.api.internal.tasks.testing.junit.AbstractJUnitTestClassProcessor.processTestClass(AbstractJUnitTestClassProcessor.java:54)
	at org.gradle.api.internal.tasks.testing.SuiteTestClassProcessor.processTestClass(SuiteTestClassProcessor.java:53)
	at java.base/jdk.internal.reflect.DirectMethodHandleAccessor.invoke(DirectMethodHandleAccessor.java:103)
	at java.base/java.lang.reflect.Method.invoke(Method.java:580)
	at org.gradle.internal.dispatch.ReflectionDispatch.dispatch(ReflectionDispatch.java:36)
	at org.gradle.internal.dispatch.ReflectionDispatch.dispatch(ReflectionDispatch.java:24)
	at org.gradle.internal.dispatch.ContextClassLoaderDispatch.dispatch(ContextClassLoaderDispatch.java:33)
	at org.gradle.internal.dispatch.ProxyDispatchAdapter$DispatchingInvocationHandler.invoke(ProxyDispatchAdapter.java:92)
	at jdk.proxy1/jdk.proxy1.$Proxy4.processTestClass(Unknown Source)
	at org.gradle.api.internal.tasks.testing.worker.TestWorker$2.run(TestWorker.java:183)
	at org.gradle.api.internal.tasks.testing.worker.TestWorker.executeAndMaintainThreadName(TestWorker.java:132)
	at org.gradle.api.internal.tasks.testing.worker.TestWorker.execute(TestWorker.java:103)
	at org.gradle.api.internal.tasks.testing.worker.TestWorker.execute(TestWorker.java:63)
	at org.gradle.process.internal.worker.child.ActionExecutionWorker.execute(ActionExecutionWorker.java:56)
	at org.gradle.process.internal.worker.child.SystemApplicationClassLoaderWorker.call(SystemApplicationClassLoaderWorker.java:121)
	at org.gradle.process.internal.worker.child.SystemApplicationClassLoaderWorker.call(SystemApplicationClassLoaderWorker.java:71)
	at worker.org.gradle.process.internal.worker.GradleWorkerMain.run(GradleWorkerMain.java:69)
	at worker.org.gradle.process.internal.worker.GradleWorkerMain.main(GradleWorkerMain.java:74)
</failure>
  </testcase>
  <system-out><![CDATA[Applying move: R
State after R:
Corner Perm: [4, 1, 2, 0, 7, 5, 6, 3]
Corner Ori: [2, 0, 0, 1, 1, 0, 0, 2]
Edge Perm: [8, 1, 2, 3, 11, 5, 6, 7, 4, 9, 10, 0]
Edge Ori: [0, 0, 0, 0, 0, 0, 0, 0, 0, 0, 0, 0]
Applying move: U
State after U:
Corner Perm: [0, 0, 0, 0, 7, 5, 6, 3]
Corner Ori: [0, 0, 0, 0, 1, 0, 0, 2]
Edge Perm: [3, 0, 1, 9, 11, 5, 6, 7, 4, 9, 10, 0]
Edge Ori: [0, 0, 0, 0, 0, 0, 0, 0, 0, 0, 0, 0]
Applying move: R'
State after R':
Corner Perm: [0, 0, 0, 3, 0, 5, 6, 7]
Corner Ori: [0, 0, 0, 0, 0, 0, 0, 0]
Edge Perm: [0, 0, 1, 9, 4, 5, 6, 7, 3, 9, 10, 11]
Edge Ori: [0, 0, 0, 0, 0, 0, 0, 0, 0, 0, 0, 0]
Applying move: U'
State after U':
Corner Perm: [0, 0, 3, 0, 0, 5, 6, 7]
Corner Ori: [0, 0, 0, 0, 0, 0, 0, 0]
Edge Perm: [8, 1, 2, 0, 4, 5, 6, 7, 3, 9, 10, 11]
Edge Ori: [0, 0, 0, 0, 0, 0, 0, 0, 0, 0, 0, 0]
]]></system-out>
  <system-err><![CDATA[]]></system-err>
</testsuite>
